<?xml version="1.0" encoding="UTF-8"?>
<!-- Generated by org.testng.reporters.JUnitReportReporter -->
<testsuite hostname="kanakadurga" failures="2" tests="2" name="advancedSelenium.SeleniumAdvanced" time="19.984" errors="0" timestamp="2025-10-30T14:21:38 CDT" skipped="0">
  <testcase classname="advancedSelenium.SeleniumAdvanced" name="testScenario" time="8.758">
    <failure message="The following asserts failed:
	expected [TestingWhiz Integration With LambdaTest] but found [Running Automation Tests Using TestingWhiz LambdaTest | LambdaTest],
	expected [https://community.lambdatest.com] but found [https://community.lambdatest.com/]" type="java.lang.AssertionError">
      <![CDATA[java.lang.AssertionError: The following asserts failed:
expected [TestingWhiz Integration With LambdaTest] but found [Running Automation Tests Using TestingWhiz LambdaTest | LambdaTest],
expected [https://community.lambdatest.com] but found [https://community.lambdatest.com/]
at org.testng.asserts.SoftAssert.assertAll(SoftAssert.java:46)
at org.testng.asserts.SoftAssert.assertAll(SoftAssert.java:30)
at advancedSelenium.SeleniumAdvanced.testScenario(SeleniumAdvanced.java:129)
at java.base/jdk.internal.reflect.DirectMethodHandleAccessor.invoke(DirectMethodHandleAccessor.java:103)
at java.base/java.lang.reflect.Method.invoke(Method.java:580)
at org.testng.internal.invokers.MethodInvocationHelper.invokeMethod(MethodInvocationHelper.java:141)
at org.testng.internal.invokers.InvokeMethodRunnable.runOne(InvokeMethodRunnable.java:47)
at org.testng.internal.invokers.InvokeMethodRunnable.call(InvokeMethodRunnable.java:76)
at org.testng.internal.invokers.InvokeMethodRunnable.run(InvokeMethodRunnable.java:33)
at org.testng.internal.invokers.MethodInvocationHelper.invokeWithTimeoutWithNoExecutor(MethodInvocationHelper.java:353)
at org.testng.internal.invokers.MethodInvocationHelper.invokeWithTimeout(MethodInvocationHelper.java:308)
at org.testng.internal.invokers.TestInvoker.invokeMethod(TestInvoker.java:696)
at org.testng.internal.invokers.TestInvoker.invokeTestMethod(TestInvoker.java:230)
at org.testng.internal.invokers.MethodRunner.runInSequence(MethodRunner.java:63)
at org.testng.internal.invokers.TestInvoker$MethodInvocationAgent.invoke(TestInvoker.java:995)
at org.testng.internal.invokers.TestInvoker.invokeTestMethods(TestInvoker.java:203)
at org.testng.internal.invokers.TestMethodWorker.invokeTestMethods(TestMethodWorker.java:154)
at org.testng.internal.invokers.TestMethodWorker.run(TestMethodWorker.java:134)
at java.base/java.util.concurrent.Executors$RunnableAdapter.call(Executors.java:572)
at java.base/java.util.concurrent.FutureTask.run(FutureTask.java:317)
at org.testng.internal.thread.graph.TestNGFutureTask.run(TestNGFutureTask.java:22)
at java.base/java.util.concurrent.ThreadPoolExecutor.runWorker(ThreadPoolExecutor.java:1144)
at java.base/java.util.concurrent.ThreadPoolExecutor$Worker.run(ThreadPoolExecutor.java:642)
at java.base/java.lang.Thread.run(Thread.java:1570)
]]>
    </failure>
    <system-out>
      <![CDATA[opened windows:[5EE5A33790025CE4EE3EEBD63C9E3359, 166E35B9A4AA693FC5414E3DC423D317]
Current Window Count:1]]>
    </system-out>
  </testcase> <!-- testScenario -->
  <testcase classname="advancedSelenium.SeleniumAdvanced" name="testScenario" time="11.226">
    <failure message="The following asserts failed:
	expected [TestingWhiz Integration With LambdaTest] but found [Running Automation Tests Using TestingWhiz LambdaTest | LambdaTest],
	expected [https://community.lambdatest.com] but found [https://community.lambdatest.com/]" type="java.lang.AssertionError">
      <![CDATA[java.lang.AssertionError: The following asserts failed:
expected [TestingWhiz Integration With LambdaTest] but found [Running Automation Tests Using TestingWhiz LambdaTest | LambdaTest],
expected [https://community.lambdatest.com] but found [https://community.lambdatest.com/]
at org.testng.asserts.SoftAssert.assertAll(SoftAssert.java:46)
at org.testng.asserts.SoftAssert.assertAll(SoftAssert.java:30)
at advancedSelenium.SeleniumAdvanced.testScenario(SeleniumAdvanced.java:129)
at java.base/jdk.internal.reflect.DirectMethodHandleAccessor.invoke(DirectMethodHandleAccessor.java:103)
at java.base/java.lang.reflect.Method.invoke(Method.java:580)
at org.testng.internal.invokers.MethodInvocationHelper.invokeMethod(MethodInvocationHelper.java:141)
at org.testng.internal.invokers.InvokeMethodRunnable.runOne(InvokeMethodRunnable.java:47)
at org.testng.internal.invokers.InvokeMethodRunnable.call(InvokeMethodRunnable.java:76)
at org.testng.internal.invokers.InvokeMethodRunnable.run(InvokeMethodRunnable.java:33)
at org.testng.internal.invokers.MethodInvocationHelper.invokeWithTimeoutWithNoExecutor(MethodInvocationHelper.java:353)
at org.testng.internal.invokers.MethodInvocationHelper.invokeWithTimeout(MethodInvocationHelper.java:308)
at org.testng.internal.invokers.TestInvoker.invokeMethod(TestInvoker.java:696)
at org.testng.internal.invokers.TestInvoker.invokeTestMethod(TestInvoker.java:230)
at org.testng.internal.invokers.MethodRunner.runInSequence(MethodRunner.java:63)
at org.testng.internal.invokers.TestInvoker$MethodInvocationAgent.invoke(TestInvoker.java:995)
at org.testng.internal.invokers.TestInvoker.invokeTestMethods(TestInvoker.java:203)
at org.testng.internal.invokers.TestMethodWorker.invokeTestMethods(TestMethodWorker.java:154)
at org.testng.internal.invokers.TestMethodWorker.run(TestMethodWorker.java:134)
at java.base/java.util.concurrent.Executors$RunnableAdapter.call(Executors.java:572)
at java.base/java.util.concurrent.FutureTask.run(FutureTask.java:317)
at org.testng.internal.thread.graph.TestNGFutureTask.run(TestNGFutureTask.java:22)
at java.base/java.util.concurrent.ThreadPoolExecutor.runWorker(ThreadPoolExecutor.java:1144)
at java.base/java.util.concurrent.ThreadPoolExecutor$Worker.run(ThreadPoolExecutor.java:642)
at java.base/java.lang.Thread.run(Thread.java:1570)
]]>
    </failure>
    <system-out>
      <![CDATA[opened windows:[38B2D1F490EF63D80F20EDCD4D3F4FA9, ADED43DD55F4548F0FA1AA66D0AB5C1B]
Current Window Count:1]]>
    </system-out>
  </testcase> <!-- testScenario -->
  <system-out>
    <![CDATA[opened windows:[38B2D1F490EF63D80F20EDCD4D3F4FA9, ADED43DD55F4548F0FA1AA66D0AB5C1B]
Current Window Count:1
opened windows:[5EE5A33790025CE4EE3EEBD63C9E3359, 166E35B9A4AA693FC5414E3DC423D317]
Current Window Count:1]]>
  </system-out>
</testsuite> <!-- advancedSelenium.SeleniumAdvanced -->
