<?xml version="1.0" encoding="UTF-8"?>
<!-- Generated by org.testng.reporters.JUnitReportReporter -->
<testsuite hostname="kanakadurga" failures="0" tests="1" name="SimpleFormDemo" time="4.631" errors="0" timestamp="2025-10-09T15:45:15 CDT" skipped="0">
  <testcase classname="SimpleFormDemo" name="testSliders" time="4.631"/>
  <system-out/>
</testsuite> <!-- SimpleFormDemo -->
