<?xml version="1.0" encoding="UTF-8"?>
<!-- Generated by org.testng.reporters.JUnitReportReporter -->
<testsuite hostname="kanakadurga" failures="0" tests="1" name="LambdaTestNGTest" time="2.532" errors="0" timestamp="2025-10-15T10:12:26 CDT" skipped="0">
  <testcase classname="LambdaTestNGTest" name="validateAlert" time="2.532"/>
</testsuite> <!-- LambdaTestNGTest -->
